recieving...
entered
216 216
getting the file: input.txt
send get list
i got the file
recieving...
entered
216 216
getting the file: input.txt
send get list
i got the file
Filename & size: cat.jpg		77456
Filename & size: file1.txt		9
Filename & size: image.png		51192
Filename & size: image2.png		64270
Filename & size: Matcha.pdf		47314780
Progress 1: 0%		 size: 0/11828695
Progress 2: 0%		 size: 0/11828695
Progress 3: 0%		 size: 0/11828695
Progress 4: 0%		 size: 0/11828695
[1]#Matcha.pdf Successully recieved
[2]#Matcha.pdf Successully recieved
[4]#Matcha.pdf Successully recieved
[3]#Matcha.pdf Successully recieved
Progress 1: 100%		 size: 11828695/11828695
Progress 2: 100%		 size: 11828695/11828695
Progress 3: 100%		 size: 11828695/11828695
Progress 4: 100%		 size: 11828695/11828695
File Matcha.pdf downloaded
Press ctrl + c to exit
